2020-03-15 14:33:04.558  INFO 8512 --- [restartedMain] o.s.b.w.embedded.tomcat.TomcatWebServer  : Tomcat initialized with port(s): 8080 (http)
2020-03-15 14:33:04.560  INFO 8512 --- [restartedMain] o.apache.catalina.core.StandardService   : Starting service [Tomcat]
2020-03-15 14:33:04.560  INFO 8512 --- [restartedMain] org.apache.catalina.core.StandardEngine  : Starting Servlet engine: [Apache Tomcat/9.0.31]
2020-03-15 14:33:04.588  INFO 8512 --- [restartedMain] o.a.c.c.C.[Tomcat].[localhost].[/]       : Initializing Spring embedded WebApplicationContext
2020-03-15 14:33:04.589  INFO 8512 --- [restartedMain] o.s.web.context.ContextLoader            : Root WebApplicationContext: initialization completed in 391 ms
2020-03-15 14:33:04.669  INFO 8512 --- [restartedMain] o.s.s.concurrent.ThreadPoolTaskExecutor  : Initializing ExecutorService 'applicationTaskExecutor'
2020-03-15 14:33:04.732  INFO 8512 --- [restartedMain] o.s.b.d.a.OptionalLiveReloadServer       : LiveReload server is running on port 35729
2020-03-15 14:33:04.756  INFO 8512 --- [restartedMain] o.s.b.w.embedded.tomcat.TomcatWebServer  : Tomcat started on port(s): 8080 (http) with context path ''
2020-03-15 14:33:04.758  WARN 8512 --- [restartedMain] com.rubypaper.LoggingRunner              : WARN 로그 메세지
2020-03-15 14:33:04.758 ERROR 8512 --- [restartedMain] com.rubypaper.LoggingRunner              : ERROR 로그 메세지
2020-03-15 14:33:04.759  INFO 8512 --- [restartedMain] .ConditionEvaluationDeltaLoggingListener : Condition evaluation unchanged
2020-03-15 14:34:24.772  INFO 8512 --- [Thread-15] o.s.s.concurrent.ThreadPoolTaskExecutor  : Shutting down ExecutorService 'applicationTaskExecutor'
2020-03-15 14:34:26.050  INFO 8512 --- [restartedMain] o.s.b.w.embedded.tomcat.TomcatWebServer  : Tomcat initialized with port(s): 8080 (http)
2020-03-15 14:34:26.050  INFO 8512 --- [restartedMain] o.apache.catalina.core.StandardService   : Starting service [Tomcat]
2020-03-15 14:34:26.050  INFO 8512 --- [restartedMain] org.apache.catalina.core.StandardEngine  : Starting Servlet engine: [Apache Tomcat/9.0.31]
2020-03-15 14:34:26.068  INFO 8512 --- [restartedMain] o.a.c.c.C.[Tomcat].[localhost].[/]       : Initializing Spring embedded WebApplicationContext
2020-03-15 14:34:26.068  INFO 8512 --- [restartedMain] o.s.web.context.ContextLoader            : Root WebApplicationContext: initialization completed in 185 ms
2020-03-15 14:34:26.099  INFO 8512 --- [restartedMain] o.s.s.concurrent.ThreadPoolTaskExecutor  : Initializing ExecutorService 'applicationTaskExecutor'
2020-03-15 14:34:26.124  INFO 8512 --- [restartedMain] o.s.b.d.a.OptionalLiveReloadServer       : LiveReload server is running on port 35729
2020-03-15 14:34:26.133  INFO 8512 --- [restartedMain] o.s.b.w.embedded.tomcat.TomcatWebServer  : Tomcat started on port(s): 8080 (http) with context path ''
2020-03-15 14:34:26.134  WARN 8512 --- [restartedMain] com.rubypaper.LoggingRunner              : WARN 로그 메세지
2020-03-15 14:34:26.134 ERROR 8512 --- [restartedMain] com.rubypaper.LoggingRunner              : ERROR 로그 메세지
2020-03-15 14:34:26.135  INFO 8512 --- [restartedMain] .ConditionEvaluationDeltaLoggingListener : Condition evaluation unchanged
2020-03-15 14:34:52.715  INFO 8512 --- [Thread-20] o.s.s.concurrent.ThreadPoolTaskExecutor  : Shutting down ExecutorService 'applicationTaskExecutor'
2020-03-15 14:34:53.857  INFO 8512 --- [restartedMain] o.s.b.w.embedded.tomcat.TomcatWebServer  : Tomcat initialized with port(s): 8080 (http)
2020-03-15 14:34:53.858  INFO 8512 --- [restartedMain] o.apache.catalina.core.StandardService   : Starting service [Tomcat]
2020-03-15 14:34:53.858  INFO 8512 --- [restartedMain] org.apache.catalina.core.StandardEngine  : Starting Servlet engine: [Apache Tomcat/9.0.31]
2020-03-15 14:34:53.868  INFO 8512 --- [restartedMain] o.a.c.c.C.[Tomcat].[localhost].[/]       : Initializing Spring embedded WebApplicationContext
2020-03-15 14:34:53.869  INFO 8512 --- [restartedMain] o.s.web.context.ContextLoader            : Root WebApplicationContext: initialization completed in 203 ms
2020-03-15 14:34:53.898  INFO 8512 --- [restartedMain] o.s.s.concurrent.ThreadPoolTaskExecutor  : Initializing ExecutorService 'applicationTaskExecutor'
2020-03-15 14:34:53.923  INFO 8512 --- [restartedMain] o.s.b.d.a.OptionalLiveReloadServer       : LiveReload server is running on port 35729
2020-03-15 14:34:53.934  INFO 8512 --- [restartedMain] o.s.b.w.embedded.tomcat.TomcatWebServer  : Tomcat started on port(s): 8080 (http) with context path ''
2020-03-15 14:34:53.934  WARN 8512 --- [restartedMain] com.rubypaper.LoggingRunner              : WARN 로그 메세지
2020-03-15 14:34:53.934 ERROR 8512 --- [restartedMain] com.rubypaper.LoggingRunner              : ERROR 로그 메세지
2020-03-15 14:34:53.934  INFO 8512 --- [restartedMain] .ConditionEvaluationDeltaLoggingListener : Condition evaluation unchanged
2020-03-15 14:36:54.163  INFO 8512 --- [Thread-25] o.s.s.concurrent.ThreadPoolTaskExecutor  : Shutting down ExecutorService 'applicationTaskExecutor'
2020-03-15 14:39:12.189  INFO 8512 --- [restartedMain] com.rubypaper.Chapter03Application       : Starting Chapter03Application on DESKTOP-0FLON8G with PID 8512 (C:\Users\choi\Documents\JavaStudy\SpringBoard\Chapter03\target\classes started by choi in C:\Users\choi\Documents\JavaStudy\SpringBoard\Chapter03)
2020-03-15 14:39:12.190 DEBUG 8512 --- [restartedMain] com.rubypaper.Chapter03Application       : Running with Spring Boot v2.2.5.RELEASE, Spring v5.2.4.RELEASE
2020-03-15 14:39:12.190  INFO 8512 --- [restartedMain] com.rubypaper.Chapter03Application       : No active profile set, falling back to default profiles: default
2020-03-15 14:39:12.353  INFO 8512 --- [restartedMain] o.s.b.w.embedded.tomcat.TomcatWebServer  : Tomcat initialized with port(s): 8080 (http)
2020-03-15 14:39:12.353  INFO 8512 --- [restartedMain] o.apache.catalina.core.StandardService   : Starting service [Tomcat]
2020-03-15 14:39:12.354  INFO 8512 --- [restartedMain] org.apache.catalina.core.StandardEngine  : Starting Servlet engine: [Apache Tomcat/9.0.31]
2020-03-15 14:39:12.365  INFO 8512 --- [restartedMain] o.a.c.c.C.[Tomcat].[localhost].[/]       : Initializing Spring embedded WebApplicationContext
2020-03-15 14:39:12.366  INFO 8512 --- [restartedMain] o.s.web.context.ContextLoader            : Root WebApplicationContext: initialization completed in 174 ms
2020-03-15 14:39:12.401  INFO 8512 --- [restartedMain] o.s.s.concurrent.ThreadPoolTaskExecutor  : Initializing ExecutorService 'applicationTaskExecutor'
2020-03-15 14:39:12.431  INFO 8512 --- [restartedMain] o.s.b.d.a.OptionalLiveReloadServer       : LiveReload server is running on port 35729
2020-03-15 14:39:12.442  INFO 8512 --- [restartedMain] o.s.b.w.embedded.tomcat.TomcatWebServer  : Tomcat started on port(s): 8080 (http) with context path ''
2020-03-15 14:39:12.443  INFO 8512 --- [restartedMain] com.rubypaper.Chapter03Application       : Started Chapter03Application in 0.317 seconds (JVM running for 663.102)
2020-03-15 14:39:12.443 DEBUG 8512 --- [restartedMain] com.rubypaper.LoggingRunner              : DEBUG 로그 메세지
2020-03-15 14:39:12.444  INFO 8512 --- [restartedMain] com.rubypaper.LoggingRunner              : INFO 로그 메세지
2020-03-15 14:39:12.444  WARN 8512 --- [restartedMain] com.rubypaper.LoggingRunner              : WARN 로그 메세지
2020-03-15 14:39:12.444 ERROR 8512 --- [restartedMain] com.rubypaper.LoggingRunner              : ERROR 로그 메세지
2020-03-15 14:39:12.444  INFO 8512 --- [restartedMain] .ConditionEvaluationDeltaLoggingListener : Condition evaluation unchanged
2020-03-15 14:39:52.968  INFO 8512 --- [RMI TCP Connection(4)-127.0.0.1] inMXBeanRegistrar$SpringApplicationAdmin : Application shutdown requested.
2020-03-15 14:39:52.969  INFO 8512 --- [RMI TCP Connection(4)-127.0.0.1] o.s.s.concurrent.ThreadPoolTaskExecutor  : Shutting down ExecutorService 'applicationTaskExecutor'
